<?xml version="1.0" encoding="UTF-8"?>
<!-- Generated by org.testng.reporters.JUnitXMLReporter -->
<testsuite ignored="4" hostname="DESKTOP-HG6IJS9" failures="0" tests="10" name="Surefire test" time="1.213" errors="0" timestamp="2024-07-06T08:00:32 PST">
  <testcase classname="test.BaseTest" name="@BeforeTest beforeTest" time="1.178">
    <failure type="org.openqa.selenium.remote.http.ConnectionFailedException" message="Unable to establish websocket connection to http://localhost:63033/devtools/browser/82871f29-6831-46ca-9abb-09cd3e515b74
Build info: version: &amp;apos;4.1.2&amp;apos;, revision: &amp;apos;9a5a329c5a&amp;apos;
System info: host: &amp;apos;DESKTOP-HG6IJS9&amp;apos;, ip: &amp;apos;192.168.1.9&amp;apos;, os.name: &amp;apos;Windows 11&amp;apos;, os.arch: &amp;apos;amd64&amp;apos;, os.version: &amp;apos;10.0&amp;apos;, java.version: &amp;apos;17.0.10&amp;apos;
Driver info: driver.version: ChromeDriver">
      <![CDATA[org.openqa.selenium.remote.http.ConnectionFailedException: Unable to establish websocket connection to http://localhost:63033/devtools/browser/82871f29-6831-46ca-9abb-09cd3e515b74
Build info: version: '4.1.2', revision: '9a5a329c5a'
System info: host: 'DESKTOP-HG6IJS9', ip: '192.168.1.9', os.name: 'Windows 11', os.arch: 'amd64', os.version: '10.0', java.version: '17.0.10'
Driver info: driver.version: ChromeDriver
at org.openqa.selenium.remote.http.netty.NettyWebSocket.<init>(NettyWebSocket.java:104)
at org.openqa.selenium.remote.http.netty.NettyWebSocket.lambda$create$3(NettyWebSocket.java:137)
at org.openqa.selenium.remote.http.netty.NettyClient.openSocket(NettyClient.java:118)
at org.openqa.selenium.devtools.Connection.<init>(Connection.java:77)
at org.openqa.selenium.chromium.ChromiumDriver.lambda$new$2(ChromiumDriver.java:124)
at java.base/java.util.Optional.map(Optional.java:260)
at org.openqa.selenium.chromium.ChromiumDriver.<init>(ChromiumDriver.java:122)
at org.openqa.selenium.chrome.ChromeDriver.<init>(ChromeDriver.java:106)
at org.openqa.selenium.chrome.ChromeDriver.<init>(ChromeDriver.java:93)
at org.openqa.selenium.chrome.ChromeDriver.<init>(ChromeDriver.java:48)
at test.BaseTest.beforeTest(BaseTest.java:21)
... Removed 29 stack frames]]>
    </failure>
  </testcase> <!-- @BeforeTest beforeTest -->
  <testcase classname="test.testCartPage" name="@BeforeClass BeforeClass" time="0.0">
    <skipped/>
  </testcase> <!-- @BeforeClass BeforeClass -->
  <testcase classname="test.testContactUs" name="@BeforeClass BeforeClass" time="0.0">
    <skipped/>
  </testcase> <!-- @BeforeClass BeforeClass -->
  <testcase classname="test.testContactUsSubmission" name="@BeforeClass BeforeClass" time="0.0">
    <skipped/>
  </testcase> <!-- @BeforeClass BeforeClass -->
  <testcase classname="test.BaseTest" name="@AfterTest afterTesT" time="0.0">
    <skipped/>
  </testcase> <!-- @AfterTest afterTesT -->
  <testcase classname="test.testCartPage" name="navigateToShop" time="0.001">
    <skipped/>
  </testcase> <!-- navigateToShop -->
  <testcase classname="test.testCartPage" name="addProductsToCart" time="0.0">
    <skipped/>
  </testcase> <!-- addProductsToCart -->
  <testcase classname="test.testCartPage" name="checkActualPrices" time="0.0">
    <skipped/>
  </testcase> <!-- checkActualPrices -->
  <testcase classname="test.testCartPage" name="checkActualSubTotals" time="0.0">
    <skipped/>
  </testcase> <!-- checkActualSubTotals -->
  <testcase classname="test.testCartPage" name="computeTotalPrice" time="0.0">
    <skipped/>
  </testcase> <!-- computeTotalPrice -->
  <testcase classname="test.testContactUs" name="navigateToContactUs" time="0.0">
    <skipped/>
  </testcase> <!-- navigateToContactUs -->
  <testcase classname="test.testContactUs" name="verifyErrorMessages" time="0.0">
    <skipped/>
  </testcase> <!-- verifyErrorMessages -->
  <testcase classname="test.testContactUs" name="fillUpRequiredFields" time="0.0">
    <skipped/>
  </testcase> <!-- fillUpRequiredFields -->
  <testcase classname="test.testContactUsSubmission" name="navigateToContactUs" time="0.0">
    <skipped/>
  </testcase> <!-- navigateToContactUs -->
  <testcase classname="test.testContactUsSubmission" name="fillUpRequiredFields" time="0.0">
    <skipped/>
  </testcase> <!-- fillUpRequiredFields -->
  <testcase classname="test.BaseTest" name="@BeforeTest beforeTest" time="0.0">
    <ignored/>
  </testcase> <!-- @BeforeTest beforeTest -->
  <testcase classname="test.BaseTest" name="@BeforeTest beforeTest" time="0.0">
    <ignored/>
  </testcase> <!-- @BeforeTest beforeTest -->
  <testcase classname="test.BaseTest" name="@AfterTest afterTesT" time="0.0">
    <ignored/>
  </testcase> <!-- @AfterTest afterTesT -->
  <testcase classname="test.BaseTest" name="@AfterTest afterTesT" time="0.0">
    <ignored/>
  </testcase> <!-- @AfterTest afterTesT -->
</testsuite> <!-- Surefire test -->
