<?xml version="1.0" encoding="UTF-8"?>
<!-- Generated by org.testng.reporters.JUnitReportReporter -->
<testsuite hostname="DESKTOP-HG6IJS9" failures="1" tests="1" name="SnapMart.gmailLogin" time="0.000" errors="0" timestamp="10 Sep 2021 02:28:33 GMT">
  <testcase classname="SnapMart.gmailLogin" name="basePageNavigation" time="0.000">
    <failure message="session not created: This version of ChromeDriver only supports Chrome version 84
Build info: version: &#039;3.141.59&#039;, revision: &#039;e82be7d358&#039;, time: &#039;2018-11-14T08:17:03&#039;
System info: host: &#039;DESKTOP-HG6IJS9&#039;, ip: &#039;192.168.1.8&#039;, os.name: &#039;Windows 10&#039;, os.arch: &#039;amd64&#039;, os.version: &#039;10.0&#039;, java.version: &#039;14.0.2&#039;
Driver info: driver.version: ChromeDriver
remote stacktrace: Backtrace:
	Ordinal0 [0x009D87E3+2852835]
	Ordinal0 [0x008C5BB1+1727409]
	Ordinal0 [0x0079E4B9+517305]
	Ordinal0 [0x00730BA0+68512]
	Ordinal0 [0x0072D3A0+54176]
	Ordinal0 [0x0074D9F7+186871]
	Ordinal0 [0x0074D7FD+186365]
	Ordinal0 [0x0074B70B+177931]
	Ordinal0 [0x00732584+75140]
	Ordinal0 [0x00733650+79440]
	Ordinal0 [0x007335E9+79337]
	Ordinal0 [0x008DAD5C+1813852]
	GetHandleVerifier [0x00AFC616+1075574]
	GetHandleVerifier [0x00AFC367+1074887]
	GetHandleVerifier [0x00B07497+1120247]
	GetHandleVerifier [0x00AFCC16+1077110]
	Ordinal0 [0x008D3206+1782278]
	Ordinal0 [0x008DC3BB+1819579]
	Ordinal0 [0x008DC523+1819939]
	Ordinal0 [0x008F2B45+1911621]
	BaseThreadInitThunk [0x76FDFA29+25]
	RtlGetAppContainerNamedObjectPath [0x77787A7E+286]
	RtlGetAppContainerNamedObjectPath [0x77787A4E+238]
" type="org.openqa.selenium.SessionNotCreatedException">
      <![CDATA[org.openqa.selenium.SessionNotCreatedException: session not created: This version of ChromeDriver only supports Chrome version 84
Build info: version: '3.141.59', revision: 'e82be7d358', time: '2018-11-14T08:17:03'
System info: host: 'DESKTOP-HG6IJS9', ip: '192.168.1.8', os.name: 'Windows 10', os.arch: 'amd64', os.version: '10.0', java.version: '14.0.2'
Driver info: driver.version: ChromeDriver
remote stacktrace: Backtrace:
	Ordinal0 [0x009D87E3+2852835]
	Ordinal0 [0x008C5BB1+1727409]
	Ordinal0 [0x0079E4B9+517305]
	Ordinal0 [0x00730BA0+68512]
	Ordinal0 [0x0072D3A0+54176]
	Ordinal0 [0x0074D9F7+186871]
	Ordinal0 [0x0074D7FD+186365]
	Ordinal0 [0x0074B70B+177931]
	Ordinal0 [0x00732584+75140]
	Ordinal0 [0x00733650+79440]
	Ordinal0 [0x007335E9+79337]
	Ordinal0 [0x008DAD5C+1813852]
	GetHandleVerifier [0x00AFC616+1075574]
	GetHandleVerifier [0x00AFC367+1074887]
	GetHandleVerifier [0x00B07497+1120247]
	GetHandleVerifier [0x00AFCC16+1077110]
	Ordinal0 [0x008D3206+1782278]
	Ordinal0 [0x008DC3BB+1819579]
	Ordinal0 [0x008DC523+1819939]
	Ordinal0 [0x008F2B45+1911621]
	BaseThreadInitThunk [0x76FDFA29+25]
	RtlGetAppContainerNamedObjectPath [0x77787A7E+286]
	RtlGetAppContainerNamedObjectPath [0x77787A4E+238]

	at java.base/jdk.internal.reflect.NativeConstructorAccessorImpl.newInstance0(Native Method)
	at java.base/jdk.internal.reflect.NativeConstructorAccessorImpl.newInstance(NativeConstructorAccessorImpl.java:62)
	at java.base/jdk.internal.reflect.DelegatingConstructorAccessorImpl.newInstance(DelegatingConstructorAccessorImpl.java:45)
	at java.base/java.lang.reflect.Constructor.newInstanceWithCaller(Constructor.java:500)
	at java.base/java.lang.reflect.Constructor.newInstance(Constructor.java:481)
	at org.openqa.selenium.remote.W3CHandshakeResponse.lambda$errorHandler$0(W3CHandshakeResponse.java:62)
	at org.openqa.selenium.remote.HandshakeResponse.lambda$getResponseFunction$0(HandshakeResponse.java:30)
	at org.openqa.selenium.remote.ProtocolHandshake.lambda$createSession$0(ProtocolHandshake.java:126)
	at java.base/java.util.stream.ReferencePipeline$3$1.accept(ReferencePipeline.java:195)
	at java.base/java.util.Spliterators$ArraySpliterator.tryAdvance(Spliterators.java:958)
	at java.base/java.util.stream.ReferencePipeline.forEachWithCancel(ReferencePipeline.java:127)
	at java.base/java.util.stream.AbstractPipeline.copyIntoWithCancel(AbstractPipeline.java:502)
	at java.base/java.util.stream.AbstractPipeline.copyInto(AbstractPipeline.java:488)
	at java.base/java.util.stream.AbstractPipeline.wrapAndCopyInto(AbstractPipeline.java:474)
	at java.base/java.util.stream.FindOps$FindOp.evaluateSequential(FindOps.java:150)
	at java.base/java.util.stream.AbstractPipeline.evaluate(AbstractPipeline.java:234)
	at java.base/java.util.stream.ReferencePipeline.findFirst(ReferencePipeline.java:543)
	at org.openqa.selenium.remote.ProtocolHandshake.createSession(ProtocolHandshake.java:128)
	at org.openqa.selenium.remote.ProtocolHandshake.createSession(ProtocolHandshake.java:74)
	at org.openqa.selenium.remote.HttpCommandExecutor.execute(HttpCommandExecutor.java:136)
	at org.openqa.selenium.remote.service.DriverCommandExecutor.execute(DriverCommandExecutor.java:83)
	at org.openqa.selenium.remote.RemoteWebDriver.execute(RemoteWebDriver.java:552)
	at org.openqa.selenium.remote.RemoteWebDriver.startSession(RemoteWebDriver.java:213)
	at org.openqa.selenium.remote.RemoteWebDriver.<init>(RemoteWebDriver.java:131)
	at org.openqa.selenium.chrome.ChromeDriver.<init>(ChromeDriver.java:181)
	at org.openqa.selenium.chrome.ChromeDriver.<init>(ChromeDriver.java:168)
	at org.openqa.selenium.chrome.ChromeDriver.<init>(ChromeDriver.java:123)
	at resources.base.initializeDriver(base.java:29)
	at SnapMart.gmailLogin.InitializeDriver(gmailLogin.java:35)
	at java.base/jdk.internal.reflect.NativeMethodAccessorImpl.invoke0(Native Method)
	at java.base/jdk.internal.reflect.NativeMethodAccessorImpl.invoke(NativeMethodAccessorImpl.java:62)
	at java.base/jdk.internal.reflect.DelegatingMethodAccessorImpl.invoke(DelegatingMethodAccessorImpl.java:43)
	at java.base/java.lang.reflect.Method.invoke(Method.java:564)
	at org.testng.internal.MethodInvocationHelper.invokeMethod(MethodInvocationHelper.java:80)
	at org.testng.internal.Invoker.invokeConfigurationMethod(Invoker.java:564)
	at org.testng.internal.Invoker.invokeConfigurations(Invoker.java:213)
	at org.testng.internal.Invoker.invokeConfigurations(Invoker.java:138)
	at org.testng.TestRunner.beforeRun(TestRunner.java:641)
	at org.testng.TestRunner.run(TestRunner.java:609)
	at org.testng.SuiteRunner.runTest(SuiteRunner.java:334)
	at org.testng.SuiteRunner.runSequentially(SuiteRunner.java:329)
	at org.testng.SuiteRunner.privateRun(SuiteRunner.java:291)
	at org.testng.SuiteRunner.run(SuiteRunner.java:240)
	at org.testng.SuiteRunnerWorker.runSuite(SuiteRunnerWorker.java:52)
	at org.testng.SuiteRunnerWorker.run(SuiteRunnerWorker.java:86)
	at org.testng.TestNG.runSuitesSequentially(TestNG.java:1198)
	at org.testng.TestNG.runSuitesLocally(TestNG.java:1123)
	at org.testng.TestNG.run(TestNG.java:1031)
	at org.testng.remote.AbstractRemoteTestNG.run(AbstractRemoteTestNG.java:115)
	at org.testng.remote.RemoteTestNG.initAndRun(RemoteTestNG.java:251)
	at org.testng.remote.RemoteTestNG.main(RemoteTestNG.java:77)
]]>
    </failure>
  </testcase> <!-- basePageNavigation -->
</testsuite> <!-- SnapMart.gmailLogin -->
